Analysis & Synthesis report for top
Fri Mar 24 21:22:10 2023
Quartus II 64-Bit Version 13.1.0 Build 162 10/23/2013 SJ Web Edition


---------------------
; Table of Contents ;
---------------------
  1. Legal Notice
  2. Analysis & Synthesis Summary
  3. Analysis & Synthesis Settings
  4. Parallel Compilation
  5. Analysis & Synthesis Source Files Read
  6. Analysis & Synthesis Resource Usage Summary
  7. Analysis & Synthesis Resource Utilization by Entity
  8. State Machine - |top|ProgState
  9. Registers Removed During Synthesis
 10. General Register Statistics
 11. Inverted Register Statistics
 12. Multiplexer Restructuring Statistics (Restructuring Performed)
 13. Parameter Settings for User Entity Instance: clock:j_clock
 14. Parameter Settings for User Entity Instance: clock:e_clock
 15. Parameter Settings for User Entity Instance: debounce:i_debounce_key3
 16. Parameter Settings for Inferred Entity Instance: lpm_divide:Mod0
 17. Parameter Settings for Inferred Entity Instance: lpm_divide:Div0
 18. Parameter Settings for Inferred Entity Instance: lpm_divide:Mod1
 19. Parameter Settings for Inferred Entity Instance: lpm_divide:Div1
 20. Parameter Settings for Inferred Entity Instance: lpm_divide:Mod2
 21. Port Connectivity Checks: "clock:e_clock"
 22. Port Connectivity Checks: "clock:j_clock"
 23. Elapsed Time Per Partition
 24. Analysis & Synthesis Messages



----------------
; Legal Notice ;
----------------
Copyright (C) 1991-2013 Altera Corporation
Your use of Altera Corporation's design tools, logic functions 
and other software and tools, and its AMPP partner logic 
functions, and any output files from any of the foregoing 
(including device programming or simulation files), and any 
associated documentation or information are expressly subject 
to the terms and conditions of the Altera Program License 
Subscription Agreement, Altera MegaCore Function License 
Agreement, or other applicable license agreement, including, 
without limitation, that your use is for the sole purpose of 
programming logic devices manufactured by Altera and sold by 
Altera or its authorized distributors.  Please refer to the 
applicable agreement for further details.



+------------------------------------------------------------------------------+
; Analysis & Synthesis Summary                                                 ;
+---------------------------------+--------------------------------------------+
; Analysis & Synthesis Status     ; Successful - Fri Mar 24 21:22:10 2023      ;
; Quartus II 64-Bit Version       ; 13.1.0 Build 162 10/23/2013 SJ Web Edition ;
; Revision Name                   ; top                                        ;
; Top-level Entity Name           ; top                                        ;
; Family                          ; Cyclone V                                  ;
; Logic utilization (in ALMs)     ; N/A                                        ;
; Total registers                 ; 221                                        ;
; Total pins                      ; 27                                         ;
; Total virtual pins              ; 0                                          ;
; Total block memory bits         ; 0                                          ;
; Total DSP Blocks                ; 0                                          ;
; Total HSSI RX PCSs              ; 0                                          ;
; Total HSSI PMA RX Deserializers ; 0                                          ;
; Total HSSI TX PCSs              ; 0                                          ;
; Total HSSI TX Channels          ; 0                                          ;
; Total PLLs                      ; 0                                          ;
; Total DLLs                      ; 0                                          ;
+---------------------------------+--------------------------------------------+


+---------------------------------------------------------------------------------------------------------------------------+
; Analysis & Synthesis Settings                                                                                             ;
+---------------------------------------------------------------------------------+--------------------+--------------------+
; Option                                                                          ; Setting            ; Default Value      ;
+---------------------------------------------------------------------------------+--------------------+--------------------+
; Device                                                                          ; 5CSEMA6F31C6       ;                    ;
; Top-level entity name                                                           ; top                ; top                ;
; Family name                                                                     ; Cyclone V          ; Cyclone IV GX      ;
; Use smart compilation                                                           ; Off                ; Off                ;
; Enable parallel Assembler and TimeQuest Timing Analyzer during compilation      ; On                 ; On                 ;
; Enable compact report table                                                     ; Off                ; Off                ;
; Restructure Multiplexers                                                        ; Auto               ; Auto               ;
; MLAB Add Timing Constraints For Mixed-Port Feed-Through Mode Setting Don't Care ; Off                ; Off                ;
; Create Debugging Nodes for IP Cores                                             ; Off                ; Off                ;
; Preserve fewer node names                                                       ; On                 ; On                 ;
; Disable OpenCore Plus hardware evaluation                                       ; Off                ; Off                ;
; Verilog Version                                                                 ; Verilog_2001       ; Verilog_2001       ;
; VHDL Version                                                                    ; VHDL_1993          ; VHDL_1993          ;
; State Machine Processing                                                        ; Auto               ; Auto               ;
; Safe State Machine                                                              ; Off                ; Off                ;
; Extract Verilog State Machines                                                  ; On                 ; On                 ;
; Extract VHDL State Machines                                                     ; On                 ; On                 ;
; Ignore Verilog initial constructs                                               ; Off                ; Off                ;
; Iteration limit for constant Verilog loops                                      ; 5000               ; 5000               ;
; Iteration limit for non-constant Verilog loops                                  ; 250                ; 250                ;
; Add Pass-Through Logic to Inferred RAMs                                         ; On                 ; On                 ;
; Infer RAMs from Raw Logic                                                       ; On                 ; On                 ;
; Parallel Synthesis                                                              ; On                 ; On                 ;
; DSP Block Balancing                                                             ; Auto               ; Auto               ;
; NOT Gate Push-Back                                                              ; On                 ; On                 ;
; Power-Up Don't Care                                                             ; On                 ; On                 ;
; Remove Redundant Logic Cells                                                    ; Off                ; Off                ;
; Remove Duplicate Registers                                                      ; On                 ; On                 ;
; Ignore CARRY Buffers                                                            ; Off                ; Off                ;
; Ignore CASCADE Buffers                                                          ; Off                ; Off                ;
; Ignore GLOBAL Buffers                                                           ; Off                ; Off                ;
; Ignore ROW GLOBAL Buffers                                                       ; Off                ; Off                ;
; Ignore LCELL Buffers                                                            ; Off                ; Off                ;
; Ignore SOFT Buffers                                                             ; On                 ; On                 ;
; Limit AHDL Integers to 32 Bits                                                  ; Off                ; Off                ;
; Optimization Technique                                                          ; Balanced           ; Balanced           ;
; Carry Chain Length                                                              ; 70                 ; 70                 ;
; Auto Carry Chains                                                               ; On                 ; On                 ;
; Auto Open-Drain Pins                                                            ; On                 ; On                 ;
; Perform WYSIWYG Primitive Resynthesis                                           ; Off                ; Off                ;
; Auto ROM Replacement                                                            ; On                 ; On                 ;
; Auto RAM Replacement                                                            ; On                 ; On                 ;
; Auto DSP Block Replacement                                                      ; On                 ; On                 ;
; Auto Shift Register Replacement                                                 ; Auto               ; Auto               ;
; Allow Shift Register Merging across Hierarchies                                 ; Auto               ; Auto               ;
; Auto Clock Enable Replacement                                                   ; On                 ; On                 ;
; Strict RAM Replacement                                                          ; Off                ; Off                ;
; Allow Synchronous Control Signals                                               ; On                 ; On                 ;
; Force Use of Synchronous Clear Signals                                          ; Off                ; Off                ;
; Auto Resource Sharing                                                           ; Off                ; Off                ;
; Allow Any RAM Size For Recognition                                              ; Off                ; Off                ;
; Allow Any ROM Size For Recognition                                              ; Off                ; Off                ;
; Allow Any Shift Register Size For Recognition                                   ; Off                ; Off                ;
; Use LogicLock Constraints during Resource Balancing                             ; On                 ; On                 ;
; Ignore translate_off and synthesis_off directives                               ; Off                ; Off                ;
; Timing-Driven Synthesis                                                         ; On                 ; On                 ;
; Report Parameter Settings                                                       ; On                 ; On                 ;
; Report Source Assignments                                                       ; On                 ; On                 ;
; Report Connectivity Checks                                                      ; On                 ; On                 ;
; Ignore Maximum Fan-Out Assignments                                              ; Off                ; Off                ;
; Synchronization Register Chain Length                                           ; 3                  ; 3                  ;
; PowerPlay Power Optimization                                                    ; Normal compilation ; Normal compilation ;
; HDL message level                                                               ; Level2             ; Level2             ;
; Suppress Register Optimization Related Messages                                 ; Off                ; Off                ;
; Number of Removed Registers Reported in Synthesis Report                        ; 5000               ; 5000               ;
; Number of Swept Nodes Reported in Synthesis Report                              ; 5000               ; 5000               ;
; Number of Inverted Registers Reported in Synthesis Report                       ; 100                ; 100                ;
; Clock MUX Protection                                                            ; On                 ; On                 ;
; Auto Gated Clock Conversion                                                     ; Off                ; Off                ;
; Block Design Naming                                                             ; Auto               ; Auto               ;
; SDC constraint protection                                                       ; Off                ; Off                ;
; Synthesis Effort                                                                ; Auto               ; Auto               ;
; Shift Register Replacement - Allow Asynchronous Clear Signal                    ; On                 ; On                 ;
; Pre-Mapping Resynthesis Optimization                                            ; Off                ; Off                ;
; Analysis & Synthesis Message Level                                              ; Medium             ; Medium             ;
; Disable Register Merging Across Hierarchies                                     ; Auto               ; Auto               ;
; Resource Aware Inference For Block RAM                                          ; On                 ; On                 ;
; Synthesis Seed                                                                  ; 1                  ; 1                  ;
; Automatic Parallel Synthesis                                                    ; On                 ; On                 ;
+---------------------------------------------------------------------------------+--------------------+--------------------+


Parallel compilation was disabled, but you have multiple processors available. Enable parallel compilation to reduce compilation time.
+-------------------------------------+
; Parallel Compilation                ;
+----------------------------+--------+
; Processors                 ; Number ;
+----------------------------+--------+
; Number detected on machine ; 8      ;
; Maximum allowed            ; 1      ;
+----------------------------+--------+


+------------------------------------------------------------------------------------------------------------------------------------------------------------------------------------+
; Analysis & Synthesis Source Files Read                                                                                                                                             ;
+----------------------------------+-----------------+------------------------------+--------------------------------------------------------------------------------------+---------+
; File Name with User-Entered Path ; Used in Netlist ; File Type                    ; File Name with Absolute Path                                                         ; Library ;
+----------------------------------+-----------------+------------------------------+--------------------------------------------------------------------------------------+---------+
; debounce.vhd                     ; yes             ; User VHDL File               ; C:/Users/Jacob/Documents/GitHub/Hazwell/reactiontime_cyclone5/debounce.vhd           ;         ;
; top.vhd                          ; yes             ; User VHDL File               ; C:/Users/Jacob/Documents/GitHub/Hazwell/reactiontime_cyclone5/top.vhd                ;         ;
; clock.vhd                        ; yes             ; User VHDL File               ; C:/Users/Jacob/Documents/GitHub/Hazwell/reactiontime_cyclone5/clock.vhd              ;         ;
; lpm_divide.tdf                   ; yes             ; Megafunction                 ; c:/altera/13.1/quartus/libraries/megafunctions/lpm_divide.tdf                        ;         ;
; abs_divider.inc                  ; yes             ; Megafunction                 ; c:/altera/13.1/quartus/libraries/megafunctions/abs_divider.inc                       ;         ;
; sign_div_unsign.inc              ; yes             ; Megafunction                 ; c:/altera/13.1/quartus/libraries/megafunctions/sign_div_unsign.inc                   ;         ;
; aglobal131.inc                   ; yes             ; Megafunction                 ; c:/altera/13.1/quartus/libraries/megafunctions/aglobal131.inc                        ;         ;
; db/lpm_divide_uio.tdf            ; yes             ; Auto-Generated Megafunction  ; C:/Users/Jacob/Documents/GitHub/Hazwell/reactiontime_cyclone5/db/lpm_divide_uio.tdf  ;         ;
; db/abs_divider_4dg.tdf           ; yes             ; Auto-Generated Megafunction  ; C:/Users/Jacob/Documents/GitHub/Hazwell/reactiontime_cyclone5/db/abs_divider_4dg.tdf ;         ;
; db/alt_u_div_o2f.tdf             ; yes             ; Auto-Generated Megafunction  ; C:/Users/Jacob/Documents/GitHub/Hazwell/reactiontime_cyclone5/db/alt_u_div_o2f.tdf   ;         ;
; db/lpm_abs_4p9.tdf               ; yes             ; Auto-Generated Megafunction  ; C:/Users/Jacob/Documents/GitHub/Hazwell/reactiontime_cyclone5/db/lpm_abs_4p9.tdf     ;         ;
; db/lpm_divide_bpo.tdf            ; yes             ; Auto-Generated Megafunction  ; C:/Users/Jacob/Documents/GitHub/Hazwell/reactiontime_cyclone5/db/lpm_divide_bpo.tdf  ;         ;
; db/abs_divider_kbg.tdf           ; yes             ; Auto-Generated Megafunction  ; C:/Users/Jacob/Documents/GitHub/Hazwell/reactiontime_cyclone5/db/abs_divider_kbg.tdf ;         ;
; db/alt_u_div_ove.tdf             ; yes             ; Auto-Generated Megafunction  ; C:/Users/Jacob/Documents/GitHub/Hazwell/reactiontime_cyclone5/db/alt_u_div_ove.tdf   ;         ;
; db/lpm_abs_kn9.tdf               ; yes             ; Auto-Generated Megafunction  ; C:/Users/Jacob/Documents/GitHub/Hazwell/reactiontime_cyclone5/db/lpm_abs_kn9.tdf     ;         ;
; db/lpm_divide_epo.tdf            ; yes             ; Auto-Generated Megafunction  ; C:/Users/Jacob/Documents/GitHub/Hazwell/reactiontime_cyclone5/db/lpm_divide_epo.tdf  ;         ;
; db/abs_divider_nbg.tdf           ; yes             ; Auto-Generated Megafunction  ; C:/Users/Jacob/Documents/GitHub/Hazwell/reactiontime_cyclone5/db/abs_divider_nbg.tdf ;         ;
; db/alt_u_div_uve.tdf             ; yes             ; Auto-Generated Megafunction  ; C:/Users/Jacob/Documents/GitHub/Hazwell/reactiontime_cyclone5/db/alt_u_div_uve.tdf   ;         ;
; db/lpm_abs_nn9.tdf               ; yes             ; Auto-Generated Megafunction  ; C:/Users/Jacob/Documents/GitHub/Hazwell/reactiontime_cyclone5/db/lpm_abs_nn9.tdf     ;         ;
+----------------------------------+-----------------+------------------------------+--------------------------------------------------------------------------------------+---------+


+-----------------------------------------------------------------------------+
; Analysis & Synthesis Resource Usage Summary                                 ;
+---------------------------------------------+-------------------------------+
; Resource                                    ; Usage                         ;
+---------------------------------------------+-------------------------------+
; Estimate of Logic utilization (ALMs needed) ; 3129                          ;
;                                             ;                               ;
; Combinational ALUT usage for logic          ; 6131                          ;
;     -- 7 input functions                    ; 2                             ;
;     -- 6 input functions                    ; 124                           ;
;     -- 5 input functions                    ; 167                           ;
;     -- 4 input functions                    ; 1820                          ;
;     -- <=3 input functions                  ; 4018                          ;
;                                             ;                               ;
; Dedicated logic registers                   ; 221                           ;
;                                             ;                               ;
; I/O pins                                    ; 27                            ;
; Total DSP Blocks                            ; 0                             ;
; Maximum fan-out node                        ; clock:e_clock|Millis[31]~reg0 ;
; Maximum fan-out                             ; 319                           ;
; Total fan-out                               ; 20522                         ;
; Average fan-out                             ; 3.20                          ;
+---------------------------------------------+-------------------------------+


+----------------------------------------------------------------------------------------------------------------------------------------------------------------------------------------------------------------------------------------------------+
; Analysis & Synthesis Resource Utilization by Entity                                                                                                                                                                                                ;
+---------------------------------------+-------------------+--------------+-------------------+------------+------+--------------+---------------------------------------------------------------------------------------------------+--------------+
; Compilation Hierarchy Node            ; LC Combinationals ; LC Registers ; Block Memory Bits ; DSP Blocks ; Pins ; Virtual Pins ; Full Hierarchy Name                                                                               ; Library Name ;
+---------------------------------------+-------------------+--------------+-------------------+------------+------+--------------+---------------------------------------------------------------------------------------------------+--------------+
; |top                                  ; 6131 (377)        ; 221 (27)     ; 0                 ; 0          ; 27   ; 0            ; |top                                                                                              ; work         ;
;    |clock:e_clock|                    ; 84 (84)           ; 64 (64)      ; 0                 ; 0          ; 0    ; 0            ; |top|clock:e_clock                                                                                ; work         ;
;    |clock:j_clock|                    ; 126 (126)         ; 96 (96)      ; 0                 ; 0          ; 0    ; 0            ; |top|clock:j_clock                                                                                ; work         ;
;    |debounce:i_debounce_key3|         ; 42 (42)           ; 34 (34)      ; 0                 ; 0          ; 0    ; 0            ; |top|debounce:i_debounce_key3                                                                     ; work         ;
;    |lpm_divide:Div0|                  ; 513 (0)           ; 0 (0)        ; 0                 ; 0          ; 0    ; 0            ; |top|lpm_divide:Div0                                                                              ; work         ;
;       |lpm_divide_bpo:auto_generated| ; 513 (0)           ; 0 (0)        ; 0                 ; 0          ; 0    ; 0            ; |top|lpm_divide:Div0|lpm_divide_bpo:auto_generated                                                ; work         ;
;          |abs_divider_kbg:divider|    ; 513 (62)          ; 0 (0)        ; 0                 ; 0          ; 0    ; 0            ; |top|lpm_divide:Div0|lpm_divide_bpo:auto_generated|abs_divider_kbg:divider                        ; work         ;
;             |alt_u_div_ove:divider|   ; 419 (419)         ; 0 (0)        ; 0                 ; 0          ; 0    ; 0            ; |top|lpm_divide:Div0|lpm_divide_bpo:auto_generated|abs_divider_kbg:divider|alt_u_div_ove:divider  ; work         ;
;             |lpm_abs_4p9:my_abs_num|  ; 32 (32)           ; 0 (0)        ; 0                 ; 0          ; 0    ; 0            ; |top|lpm_divide:Div0|lpm_divide_bpo:auto_generated|abs_divider_kbg:divider|lpm_abs_4p9:my_abs_num ; work         ;
;    |lpm_divide:Div1|                  ; 640 (0)           ; 0 (0)        ; 0                 ; 0          ; 0    ; 0            ; |top|lpm_divide:Div1                                                                              ; work         ;
;       |lpm_divide_epo:auto_generated| ; 640 (0)           ; 0 (0)        ; 0                 ; 0          ; 0    ; 0            ; |top|lpm_divide:Div1|lpm_divide_epo:auto_generated                                                ; work         ;
;          |abs_divider_nbg:divider|    ; 640 (56)          ; 0 (0)        ; 0                 ; 0          ; 0    ; 0            ; |top|lpm_divide:Div1|lpm_divide_epo:auto_generated|abs_divider_nbg:divider                        ; work         ;
;             |alt_u_div_uve:divider|   ; 552 (552)         ; 0 (0)        ; 0                 ; 0          ; 0    ; 0            ; |top|lpm_divide:Div1|lpm_divide_epo:auto_generated|abs_divider_nbg:divider|alt_u_div_uve:divider  ; work         ;
;             |lpm_abs_4p9:my_abs_num|  ; 32 (32)           ; 0 (0)        ; 0                 ; 0          ; 0    ; 0            ; |top|lpm_divide:Div1|lpm_divide_epo:auto_generated|abs_divider_nbg:divider|lpm_abs_4p9:my_abs_num ; work         ;
;    |lpm_divide:Mod0|                  ; 1433 (0)          ; 0 (0)        ; 0                 ; 0          ; 0    ; 0            ; |top|lpm_divide:Mod0                                                                              ; work         ;
;       |lpm_divide_uio:auto_generated| ; 1433 (0)          ; 0 (0)        ; 0                 ; 0          ; 0    ; 0            ; |top|lpm_divide:Mod0|lpm_divide_uio:auto_generated                                                ; work         ;
;          |abs_divider_4dg:divider|    ; 1433 (64)         ; 0 (0)        ; 0                 ; 0          ; 0    ; 0            ; |top|lpm_divide:Mod0|lpm_divide_uio:auto_generated|abs_divider_4dg:divider                        ; work         ;
;             |alt_u_div_o2f:divider|   ; 1337 (1337)       ; 0 (0)        ; 0                 ; 0          ; 0    ; 0            ; |top|lpm_divide:Mod0|lpm_divide_uio:auto_generated|abs_divider_4dg:divider|alt_u_div_o2f:divider  ; work         ;
;             |lpm_abs_4p9:my_abs_num|  ; 32 (32)           ; 0 (0)        ; 0                 ; 0          ; 0    ; 0            ; |top|lpm_divide:Mod0|lpm_divide_uio:auto_generated|abs_divider_4dg:divider|lpm_abs_4p9:my_abs_num ; work         ;
;    |lpm_divide:Mod1|                  ; 1458 (0)          ; 0 (0)        ; 0                 ; 0          ; 0    ; 0            ; |top|lpm_divide:Mod1                                                                              ; work         ;
;       |lpm_divide_uio:auto_generated| ; 1458 (0)          ; 0 (0)        ; 0                 ; 0          ; 0    ; 0            ; |top|lpm_divide:Mod1|lpm_divide_uio:auto_generated                                                ; work         ;
;          |abs_divider_4dg:divider|    ; 1458 (89)         ; 0 (0)        ; 0                 ; 0          ; 0    ; 0            ; |top|lpm_divide:Mod1|lpm_divide_uio:auto_generated|abs_divider_4dg:divider                        ; work         ;
;             |alt_u_div_o2f:divider|   ; 1337 (1337)       ; 0 (0)        ; 0                 ; 0          ; 0    ; 0            ; |top|lpm_divide:Mod1|lpm_divide_uio:auto_generated|abs_divider_4dg:divider|alt_u_div_o2f:divider  ; work         ;
;             |lpm_abs_4p9:my_abs_num|  ; 32 (32)           ; 0 (0)        ; 0                 ; 0          ; 0    ; 0            ; |top|lpm_divide:Mod1|lpm_divide_uio:auto_generated|abs_divider_4dg:divider|lpm_abs_4p9:my_abs_num ; work         ;
;    |lpm_divide:Mod2|                  ; 1458 (0)          ; 0 (0)        ; 0                 ; 0          ; 0    ; 0            ; |top|lpm_divide:Mod2                                                                              ; work         ;
;       |lpm_divide_uio:auto_generated| ; 1458 (0)          ; 0 (0)        ; 0                 ; 0          ; 0    ; 0            ; |top|lpm_divide:Mod2|lpm_divide_uio:auto_generated                                                ; work         ;
;          |abs_divider_4dg:divider|    ; 1458 (89)         ; 0 (0)        ; 0                 ; 0          ; 0    ; 0            ; |top|lpm_divide:Mod2|lpm_divide_uio:auto_generated|abs_divider_4dg:divider                        ; work         ;
;             |alt_u_div_o2f:divider|   ; 1337 (1337)       ; 0 (0)        ; 0                 ; 0          ; 0    ; 0            ; |top|lpm_divide:Mod2|lpm_divide_uio:auto_generated|abs_divider_4dg:divider|alt_u_div_o2f:divider  ; work         ;
;             |lpm_abs_4p9:my_abs_num|  ; 32 (32)           ; 0 (0)        ; 0                 ; 0          ; 0    ; 0            ; |top|lpm_divide:Mod2|lpm_divide_uio:auto_generated|abs_divider_4dg:divider|lpm_abs_4p9:my_abs_num ; work         ;
+---------------------------------------+-------------------+--------------+-------------------+------------+------+--------------+---------------------------------------------------------------------------------------------------+--------------+
Note: For table entries with two numbers listed, the numbers in parentheses indicate the number of resources of the given type used by the specific entity alone. The numbers listed outside of parentheses indicate the total resources of the given type used by the specific entity and all of its sub-entities in the hierarchy.


Encoding Type:  One-Hot
+----------------------------------------------------------------------------+
; State Machine - |top|ProgState                                             ;
+-------------------+-----------------+------------------+-------------------+
; Name              ; ProgState.t_run ; ProgState.t_wait ; ProgState.t_await ;
+-------------------+-----------------+------------------+-------------------+
; ProgState.t_await ; 0               ; 0                ; 0                 ;
; ProgState.t_wait  ; 0               ; 1                ; 1                 ;
; ProgState.t_run   ; 1               ; 0                ; 1                 ;
+-------------------+-----------------+------------------+-------------------+


+----------------------------------------------------------------------------------------+
; Registers Removed During Synthesis                                                     ;
+---------------------------------------+------------------------------------------------+
; Register name                         ; Reason for Removal                             ;
+---------------------------------------+------------------------------------------------+
; debounce:i_debounce_key3|PrevState    ; Merged with debounce:i_debounce_key3|CurrState ;
; Total Number of Removed Registers = 1 ;                                                ;
+---------------------------------------+------------------------------------------------+


+------------------------------------------------------+
; General Register Statistics                          ;
+----------------------------------------------+-------+
; Statistic                                    ; Value ;
+----------------------------------------------+-------+
; Total registers                              ; 221   ;
; Number of registers using Synchronous Clear  ; 188   ;
; Number of registers using Synchronous Load   ; 12    ;
; Number of registers using Asynchronous Clear ; 0     ;
; Number of registers using Asynchronous Load  ; 0     ;
; Number of registers using Clock Enable       ; 117   ;
; Number of registers using Preset             ; 0     ;
+----------------------------------------------+-------+


+--------------------------------------------------+
; Inverted Register Statistics                     ;
+----------------------------------------+---------+
; Inverted Register                      ; Fan out ;
+----------------------------------------+---------+
; clock:e_clock|Ticks[0]                 ; 2       ;
; clock:e_clock|Ticks[31]                ; 2       ;
; clock:j_clock|Ticks[0]                 ; 2       ;
; clock:j_clock|Ticks[31]                ; 2       ;
; Total number of inverted registers = 4 ;         ;
+----------------------------------------+---------+


+--------------------------------------------------------------------------------------------------------------------------------------------------+
; Multiplexer Restructuring Statistics (Restructuring Performed)                                                                                   ;
+--------------------+-----------+---------------+----------------------+------------------------+------------+------------------------------------+
; Multiplexer Inputs ; Bus Width ; Baseline Area ; Area if Restructured ; Saving if Restructured ; Registered ; Example Multiplexer Output         ;
+--------------------+-----------+---------------+----------------------+------------------------+------------+------------------------------------+
; 3:1                ; 30 bits   ; 60 LEs        ; 0 LEs                ; 60 LEs                 ; Yes        ; |top|clock:j_clock|Ticks[9]        ;
; 3:1                ; 30 bits   ; 60 LEs        ; 0 LEs                ; 60 LEs                 ; Yes        ; |top|clock:e_clock|Ticks[28]       ;
; 3:1                ; 14 bits   ; 28 LEs        ; 14 LEs               ; 14 LEs                 ; Yes        ; |top|o_HEX2[1]~reg0                ;
; 3:1                ; 7 bits    ; 14 LEs        ; 7 LEs                ; 7 LEs                  ; Yes        ; |top|o_HEX0[2]~reg0                ;
; 4:1                ; 32 bits   ; 64 LEs        ; 0 LEs                ; 64 LEs                 ; Yes        ; |top|clock:j_clock|Millis[11]~reg0 ;
; 4:1                ; 32 bits   ; 64 LEs        ; 0 LEs                ; 64 LEs                 ; Yes        ; |top|clock:e_clock|Millis[12]~reg0 ;
; 5:1                ; 32 bits   ; 96 LEs        ; 0 LEs                ; 96 LEs                 ; Yes        ; |top|clock:j_clock|Seconds[2]~reg0 ;
; 3:1                ; 2 bits    ; 4 LEs         ; 4 LEs                ; 0 LEs                  ; Yes        ; |top|clock:j_clock|Ticks[0]        ;
; 3:1                ; 2 bits    ; 4 LEs         ; 4 LEs                ; 0 LEs                  ; Yes        ; |top|clock:e_clock|Ticks[31]       ;
; 6:1                ; 2 bits    ; 8 LEs         ; 4 LEs                ; 4 LEs                  ; No         ; |top|Selector28                    ;
+--------------------+-----------+---------------+----------------------+------------------------+------------+------------------------------------+


+------------------------------------------------------------+
; Parameter Settings for User Entity Instance: clock:j_clock ;
+----------------+-------+-----------------------------------+
; Parameter Name ; Value ; Type                              ;
+----------------+-------+-----------------------------------+
; clkfreq        ; 10000 ; Signed Integer                    ;
+----------------+-------+-----------------------------------+
Note: In order to hide this table in the UI and the text report file, please set the "Show Parameter Settings in Synthesis Report" option in "Analysis and Synthesis Settings -> More Settings" to "Off".


+------------------------------------------------------------+
; Parameter Settings for User Entity Instance: clock:e_clock ;
+----------------+-------+-----------------------------------+
; Parameter Name ; Value ; Type                              ;
+----------------+-------+-----------------------------------+
; clkfreq        ; 10000 ; Signed Integer                    ;
+----------------+-------+-----------------------------------+
Note: In order to hide this table in the UI and the text report file, please set the "Show Parameter Settings in Synthesis Report" option in "Analysis and Synthesis Settings -> More Settings" to "Off".


+-----------------------------------------------------------------------+
; Parameter Settings for User Entity Instance: debounce:i_debounce_key3 ;
+----------------+-------+----------------------------------------------+
; Parameter Name ; Value ; Type                                         ;
+----------------+-------+----------------------------------------------+
; debounceticks  ; 10    ; Signed Integer                               ;
+----------------+-------+----------------------------------------------+
Note: In order to hide this table in the UI and the text report file, please set the "Show Parameter Settings in Synthesis Report" option in "Analysis and Synthesis Settings -> More Settings" to "Off".


+------------------------------------------------------------------+
; Parameter Settings for Inferred Entity Instance: lpm_divide:Mod0 ;
+------------------------+----------------+------------------------+
; Parameter Name         ; Value          ; Type                   ;
+------------------------+----------------+------------------------+
; LPM_WIDTHN             ; 32             ; Untyped                ;
; LPM_WIDTHD             ; 32             ; Untyped                ;
; LPM_NREPRESENTATION    ; SIGNED         ; Untyped                ;
; LPM_DREPRESENTATION    ; SIGNED         ; Untyped                ;
; LPM_PIPELINE           ; 0              ; Untyped                ;
; LPM_REMAINDERPOSITIVE  ; FALSE          ; Untyped                ;
; MAXIMIZE_SPEED         ; 5              ; Untyped                ;
; CBXI_PARAMETER         ; lpm_divide_uio ; Untyped                ;
; CARRY_CHAIN            ; MANUAL         ; Untyped                ;
; OPTIMIZE_FOR_SPEED     ; 5              ; Untyped                ;
; AUTO_CARRY_CHAINS      ; ON             ; AUTO_CARRY             ;
; IGNORE_CARRY_BUFFERS   ; OFF            ; IGNORE_CARRY           ;
; AUTO_CASCADE_CHAINS    ; ON             ; AUTO_CASCADE           ;
; IGNORE_CASCADE_BUFFERS ; OFF            ; IGNORE_CASCADE         ;
+------------------------+----------------+------------------------+
Note: In order to hide this table in the UI and the text report file, please set the "Show Parameter Settings in Synthesis Report" option in "Analysis and Synthesis Settings -> More Settings" to "Off".


+------------------------------------------------------------------+
; Parameter Settings for Inferred Entity Instance: lpm_divide:Div0 ;
+------------------------+----------------+------------------------+
; Parameter Name         ; Value          ; Type                   ;
+------------------------+----------------+------------------------+
; LPM_WIDTHN             ; 32             ; Untyped                ;
; LPM_WIDTHD             ; 5              ; Untyped                ;
; LPM_NREPRESENTATION    ; SIGNED         ; Untyped                ;
; LPM_DREPRESENTATION    ; SIGNED         ; Untyped                ;
; LPM_PIPELINE           ; 0              ; Untyped                ;
; LPM_REMAINDERPOSITIVE  ; FALSE          ; Untyped                ;
; MAXIMIZE_SPEED         ; 5              ; Untyped                ;
; CBXI_PARAMETER         ; lpm_divide_bpo ; Untyped                ;
; CARRY_CHAIN            ; MANUAL         ; Untyped                ;
; OPTIMIZE_FOR_SPEED     ; 5              ; Untyped                ;
; AUTO_CARRY_CHAINS      ; ON             ; AUTO_CARRY             ;
; IGNORE_CARRY_BUFFERS   ; OFF            ; IGNORE_CARRY           ;
; AUTO_CASCADE_CHAINS    ; ON             ; AUTO_CASCADE           ;
; IGNORE_CASCADE_BUFFERS ; OFF            ; IGNORE_CASCADE         ;
+------------------------+----------------+------------------------+
Note: In order to hide this table in the UI and the text report file, please set the "Show Parameter Settings in Synthesis Report" option in "Analysis and Synthesis Settings -> More Settings" to "Off".


+------------------------------------------------------------------+
; Parameter Settings for Inferred Entity Instance: lpm_divide:Mod1 ;
+------------------------+----------------+------------------------+
; Parameter Name         ; Value          ; Type                   ;
+------------------------+----------------+------------------------+
; LPM_WIDTHN             ; 32             ; Untyped                ;
; LPM_WIDTHD             ; 32             ; Untyped                ;
; LPM_NREPRESENTATION    ; SIGNED         ; Untyped                ;
; LPM_DREPRESENTATION    ; SIGNED         ; Untyped                ;
; LPM_PIPELINE           ; 0              ; Untyped                ;
; LPM_REMAINDERPOSITIVE  ; FALSE          ; Untyped                ;
; MAXIMIZE_SPEED         ; 5              ; Untyped                ;
; CBXI_PARAMETER         ; lpm_divide_uio ; Untyped                ;
; CARRY_CHAIN            ; MANUAL         ; Untyped                ;
; OPTIMIZE_FOR_SPEED     ; 5              ; Untyped                ;
; AUTO_CARRY_CHAINS      ; ON             ; AUTO_CARRY             ;
; IGNORE_CARRY_BUFFERS   ; OFF            ; IGNORE_CARRY           ;
; AUTO_CASCADE_CHAINS    ; ON             ; AUTO_CASCADE           ;
; IGNORE_CASCADE_BUFFERS ; OFF            ; IGNORE_CASCADE         ;
+------------------------+----------------+------------------------+
Note: In order to hide this table in the UI and the text report file, please set the "Show Parameter Settings in Synthesis Report" option in "Analysis and Synthesis Settings -> More Settings" to "Off".


+------------------------------------------------------------------+
; Parameter Settings for Inferred Entity Instance: lpm_divide:Div1 ;
+------------------------+----------------+------------------------+
; Parameter Name         ; Value          ; Type                   ;
+------------------------+----------------+------------------------+
; LPM_WIDTHN             ; 32             ; Untyped                ;
; LPM_WIDTHD             ; 8              ; Untyped                ;
; LPM_NREPRESENTATION    ; SIGNED         ; Untyped                ;
; LPM_DREPRESENTATION    ; SIGNED         ; Untyped                ;
; LPM_PIPELINE           ; 0              ; Untyped                ;
; LPM_REMAINDERPOSITIVE  ; FALSE          ; Untyped                ;
; MAXIMIZE_SPEED         ; 5              ; Untyped                ;
; CBXI_PARAMETER         ; lpm_divide_epo ; Untyped                ;
; CARRY_CHAIN            ; MANUAL         ; Untyped                ;
; OPTIMIZE_FOR_SPEED     ; 5              ; Untyped                ;
; AUTO_CARRY_CHAINS      ; ON             ; AUTO_CARRY             ;
; IGNORE_CARRY_BUFFERS   ; OFF            ; IGNORE_CARRY           ;
; AUTO_CASCADE_CHAINS    ; ON             ; AUTO_CASCADE           ;
; IGNORE_CASCADE_BUFFERS ; OFF            ; IGNORE_CASCADE         ;
+------------------------+----------------+------------------------+
Note: In order to hide this table in the UI and the text report file, please set the "Show Parameter Settings in Synthesis Report" option in "Analysis and Synthesis Settings -> More Settings" to "Off".


+------------------------------------------------------------------+
; Parameter Settings for Inferred Entity Instance: lpm_divide:Mod2 ;
+------------------------+----------------+------------------------+
; Parameter Name         ; Value          ; Type                   ;
+------------------------+----------------+------------------------+
; LPM_WIDTHN             ; 32             ; Untyped                ;
; LPM_WIDTHD             ; 32             ; Untyped                ;
; LPM_NREPRESENTATION    ; SIGNED         ; Untyped                ;
; LPM_DREPRESENTATION    ; SIGNED         ; Untyped                ;
; LPM_PIPELINE           ; 0              ; Untyped                ;
; LPM_REMAINDERPOSITIVE  ; FALSE          ; Untyped                ;
; MAXIMIZE_SPEED         ; 5              ; Untyped                ;
; CBXI_PARAMETER         ; lpm_divide_uio ; Untyped                ;
; CARRY_CHAIN            ; MANUAL         ; Untyped                ;
; OPTIMIZE_FOR_SPEED     ; 5              ; Untyped                ;
; AUTO_CARRY_CHAINS      ; ON             ; AUTO_CARRY             ;
; IGNORE_CARRY_BUFFERS   ; OFF            ; IGNORE_CARRY           ;
; AUTO_CASCADE_CHAINS    ; ON             ; AUTO_CASCADE           ;
; IGNORE_CASCADE_BUFFERS ; OFF            ; IGNORE_CASCADE         ;
+------------------------+----------------+------------------------+
Note: In order to hide this table in the UI and the text report file, please set the "Show Parameter Settings in Synthesis Report" option in "Analysis and Synthesis Settings -> More Settings" to "Off".


+------------------------------------------------------------------------------------------------------------------+
; Port Connectivity Checks: "clock:e_clock"                                                                        ;
+---------+-------+----------+-------------------------------------------------------------------------------------+
; Port    ; Type  ; Severity ; Details                                                                             ;
+---------+-------+----------+-------------------------------------------------------------------------------------+
; seconds ; Bidir ; Warning  ; Connected to dangling logic. Logic that only feeds a dangling port will be removed. ;
+---------+-------+----------+-------------------------------------------------------------------------------------+


+-----------------------------------------------------------------------------------------------------------------+
; Port Connectivity Checks: "clock:j_clock"                                                                       ;
+--------+-------+----------+-------------------------------------------------------------------------------------+
; Port   ; Type  ; Severity ; Details                                                                             ;
+--------+-------+----------+-------------------------------------------------------------------------------------+
; millis ; Bidir ; Warning  ; Connected to dangling logic. Logic that only feeds a dangling port will be removed. ;
+--------+-------+----------+-------------------------------------------------------------------------------------+


+-------------------------------+
; Elapsed Time Per Partition    ;
+----------------+--------------+
; Partition Name ; Elapsed Time ;
+----------------+--------------+
; Top            ; 00:00:13     ;
+----------------+--------------+


+-------------------------------+
; Analysis & Synthesis Messages ;
+-------------------------------+
Info: *******************************************************************
Info: Running Quartus II 64-Bit Analysis & Synthesis
    Info: Version 13.1.0 Build 162 10/23/2013 SJ Web Edition
    Info: Processing started: Fri Mar 24 21:21:53 2023
Info: Command: quartus_map --read_settings_files=on --write_settings_files=off ReactionTime_Cyclone5 -c top
Warning (20028): Parallel compilation is not licensed and has been disabled
Info (12021): Found 2 design units, including 1 entities, in source file debounce.vhd
    Info (12022): Found design unit 1: debounce-rtl
    Info (12023): Found entity 1: debounce
Info (12021): Found 2 design units, including 1 entities, in source file top.vhd
    Info (12022): Found design unit 1: top-rtl
    Info (12023): Found entity 1: top
Info (12021): Found 2 design units, including 1 entities, in source file clock.vhd
    Info (12022): Found design unit 1: clock-rtl
    Info (12023): Found entity 1: clock
Info (12127): Elaborating entity "top" for the top level hierarchy
Info (12129): Elaborating entity "clock" using architecture "A:rtl" for hierarchy "clock:j_clock"
Info (12129): Elaborating entity "debounce" using architecture "A:rtl" for hierarchy "debounce:i_debounce_key3"
Info (278001): Inferred 5 megafunctions from design logic
    Info (278004): Inferred divider/modulo megafunction ("lpm_divide") from the following logic: "Mod0"
    Info (278004): Inferred divider/modulo megafunction ("lpm_divide") from the following logic: "Div0"
    Info (278004): Inferred divider/modulo megafunction ("lpm_divide") from the following logic: "Mod1"
    Info (278004): Inferred divider/modulo megafunction ("lpm_divide") from the following logic: "Div1"
    Info (278004): Inferred divider/modulo megafunction ("lpm_divide") from the following logic: "Mod2"
Info (12130): Elaborated megafunction instantiation "lpm_divide:Mod0"
Info (12133): Instantiated megafunction "lpm_divide:Mod0" with the following parameter:
    Info (12134): Parameter "LPM_WIDTHN" = "32"
    Info (12134): Parameter "LPM_WIDTHD" = "32"
    Info (12134): Parameter "LPM_NREPRESENTATION" = "SIGNED"
    Info (12134): Parameter "LPM_DREPRESENTATION" = "SIGNED"
    Info (12134): Parameter "LPM_HINT" = "LPM_REMAINDERPOSITIVE=FALSE"
Info (12021): Found 1 design units, including 1 entities, in source file db/lpm_divide_uio.tdf
    Info (12023): Found entity 1: lpm_divide_uio
Info (12021): Found 1 design units, including 1 entities, in source file db/abs_divider_4dg.tdf
    Info (12023): Found entity 1: abs_divider_4dg
Info (12021): Found 1 design units, including 1 entities, in source file db/alt_u_div_o2f.tdf
    Info (12023): Found entity 1: alt_u_div_o2f
Info (12021): Found 1 design units, including 1 entities, in source file db/lpm_abs_4p9.tdf
    Info (12023): Found entity 1: lpm_abs_4p9
Info (12130): Elaborated megafunction instantiation "lpm_divide:Div0"
Info (12133): Instantiated megafunction "lpm_divide:Div0" with the following parameter:
    Info (12134): Parameter "LPM_WIDTHN" = "32"
    Info (12134): Parameter "LPM_WIDTHD" = "5"
    Info (12134): Parameter "LPM_NREPRESENTATION" = "SIGNED"
    Info (12134): Parameter "LPM_DREPRESENTATION" = "SIGNED"
    Info (12134): Parameter "LPM_HINT" = "LPM_REMAINDERPOSITIVE=FALSE"
Info (12021): Found 1 design units, including 1 entities, in source file db/lpm_divide_bpo.tdf
    Info (12023): Found entity 1: lpm_divide_bpo
Info (12021): Found 1 design units, including 1 entities, in source file db/abs_divider_kbg.tdf
    Info (12023): Found entity 1: abs_divider_kbg
Info (12021): Found 1 design units, including 1 entities, in source file db/alt_u_div_ove.tdf
    Info (12023): Found entity 1: alt_u_div_ove
Info (12021): Found 1 design units, including 1 entities, in source file db/lpm_abs_kn9.tdf
    Info (12023): Found entity 1: lpm_abs_kn9
Info (12130): Elaborated megafunction instantiation "lpm_divide:Div1"
Info (12133): Instantiated megafunction "lpm_divide:Div1" with the following parameter:
    Info (12134): Parameter "LPM_WIDTHN" = "32"
    Info (12134): Parameter "LPM_WIDTHD" = "8"
    Info (12134): Parameter "LPM_NREPRESENTATION" = "SIGNED"
    Info (12134): Parameter "LPM_DREPRESENTATION" = "SIGNED"
    Info (12134): Parameter "LPM_HINT" = "LPM_REMAINDERPOSITIVE=FALSE"
Info (12021): Found 1 design units, including 1 entities, in source file db/lpm_divide_epo.tdf
    Info (12023): Found entity 1: lpm_divide_epo
Info (12021): Found 1 design units, including 1 entities, in source file db/abs_divider_nbg.tdf
    Info (12023): Found entity 1: abs_divider_nbg
Info (12021): Found 1 design units, including 1 entities, in source file db/alt_u_div_uve.tdf
    Info (12023): Found entity 1: alt_u_div_uve
Info (12021): Found 1 design units, including 1 entities, in source file db/lpm_abs_nn9.tdf
    Info (12023): Found entity 1: lpm_abs_nn9
Warning (12241): 2 hierarchies have connectivity warnings - see the Connectivity Checks report folder
Info (286030): Timing-Driven Synthesis is running
Info (16010): Generating hard_block partition "hard_block:auto_generated_inst"
    Info (16011): Adding 0 node(s), including 0 DDIO, 0 PLL, 0 transceiver and 0 LCELL
Warning (21074): Design contains 1 input pin(s) that do not drive logic
    Warning (15610): No output dependent on input pin "i_KEY0"
Info (21057): Implemented 6160 device resources after synthesis - the final resource count might be different
    Info (21058): Implemented 6 input pins
    Info (21059): Implemented 21 output pins
    Info (21061): Implemented 6133 logic cells
Info: Quartus II 64-Bit Analysis & Synthesis was successful. 0 errors, 4 warnings
    Info: Peak virtual memory: 4768 megabytes
    Info: Processing ended: Fri Mar 24 21:22:10 2023
    Info: Elapsed time: 00:00:17
    Info: Total CPU time (on all processors): 00:00:06


